Voltage source current:
      Range  Source       Source        Location    Layer
      Index  Current      Name          (um)
      -----  --------     -------------------------------
         1    1.8928e-05A   GNDvsrc120   3183.21, 2909.62  ME1_C
         1    1.6599e-05A   GNDvsrc12   138.75, 2909.62  ME1_C
         3    1.3877e-05A   GNDvsrc114   3183.21, 2929.57  ME1_C
         3    1.2404e-05A   GNDvsrc18   138.75, 2929.57  ME1_C
         3    1.2886e-05A   GNDvsrc108   3183.21, 2949.52  ME1_C
         3    1.2032e-05A   GNDvsrc24   138.75, 2949.52  ME1_C
         4    1.1305e-05A   GNDvsrc144   3183.21, 475.50  ME1_C
         4    1.0320e-05A   GNDvsrc36   138.75, 475.50  ME1_C
         3    1.2228e-05A   GNDvsrc138   3183.21, 495.45  ME1_C
         4    1.1068e-05A   GNDvsrc42   138.75, 495.45  ME1_C
         2    1.5635e-05A   GNDvsrc132   3183.21, 515.40  ME1_C
         3    1.4112e-05A   GNDvsrc48   138.75, 515.40  ME1_C
         3    1.2427e-05A   GNDvsrc179   478.22, 3180.49  ME2_C
         1    1.7060e-05A   GNDvsrc191   518.12, 3180.49  ME2_C
         5    7.1229e-06A   GNDvsrc59   2952.24, 138.75  ME2_C
         4    9.5789e-06A   GNDvsrc71   2912.34, 138.75  ME2_C
         5    7.3319e-06A   GNDvsrc65   2932.29, 138.75  ME2_C
         3    1.3047e-05A   GNDvsrc185   498.17, 3180.49  ME2_C
         5    7.7254e-06A   GNDvsrc89   498.17, 138.75  ME2_C
         5    7.5846e-06A   GNDvsrc95   478.22, 138.75  ME2_C
         4    9.8635e-06A   GNDvsrc83   518.12, 138.75  ME2_C
         3    1.1864e-05A   GNDvsrc153   3099.58, 3180.49  ME4_C
         5    8.8134e-06A   GNDvsrc159   3119.53, 3180.49  ME4_C
         5    7.9426e-06A   GNDvsrc165   3139.48, 3180.49  ME4_C
         8   -0.0000e+00A   GNDvsrc180   478.22, 3181.62  ME1_C
         8   -0.0000e+00A   GNDvsrc186   498.17, 3181.62  ME1_C
         8   -0.0000e+00A   GNDvsrc192   518.12, 3181.62  ME1_C
         8   -0.0000e+00A   GNDvsrc174   498.17, 3317.74  ME1_C
         8   -0.0000e+00A   GNDvsrc173   498.17, 3317.74  ME2_C
         8   -0.0000e+00A   GNDvsrc178   478.22, 3181.62  ME3_C
         8   -0.0000e+00A   GNDvsrc184   498.17, 3181.62  ME3_C
         8   -0.0000e+00A   GNDvsrc190   518.12, 3181.62  ME3_C
         8   -0.0000e+00A   GNDvsrc172   498.17, 3317.74  ME3_C
         8   -0.0000e+00A   GNDvsrc177   478.22, 3181.62  ME4_C
         8   -0.0000e+00A   GNDvsrc183   498.17, 3181.62  ME4_C
         8   -0.0000e+00A   GNDvsrc189   518.12, 3181.62  ME4_C
         8   -0.0000e+00A   GNDvsrc171   498.17, 3317.74  ME4_C
         8   -0.0000e+00A   GNDvsrc176   478.22, 3181.62  ME5_C
         8   -0.0000e+00A   GNDvsrc182   498.17, 3181.62  ME5_C
         8   -0.0000e+00A   GNDvsrc188   518.12, 3181.62  ME5_C
         8   -0.0000e+00A   GNDvsrc170   498.17, 3317.74  ME5_C
         8   -0.0000e+00A   GNDvsrc175   478.22, 3181.62  ME6_C
         8   -0.0000e+00A   GNDvsrc181   498.17, 3181.62  ME6_C
         8   -0.0000e+00A   GNDvsrc187   518.12, 3181.62  ME6_C
         8   -0.0000e+00A   GNDvsrc169   498.17, 3317.74  ME6_C
         8   -0.0000e+00A   GNDvsrc156   3099.58, 3181.62  ME1_C
         8   -0.0000e+00A   GNDvsrc162   3119.53, 3181.62  ME1_C
         8   -0.0000e+00A   GNDvsrc168   3139.48, 3181.62  ME1_C
         8   -0.0000e+00A   GNDvsrc150   3119.53, 3317.74  ME1_C
         8   -0.0000e+00A   GNDvsrc155   3099.58, 3181.62  ME2_C
         8   -0.0000e+00A   GNDvsrc161   3119.53, 3181.62  ME2_C
         8   -0.0000e+00A   GNDvsrc167   3139.48, 3181.62  ME2_C
         8   -0.0000e+00A   GNDvsrc149   3119.53, 3317.74  ME2_C
         8   -0.0000e+00A   GNDvsrc154   3099.58, 3181.62  ME3_C
         8   -0.0000e+00A   GNDvsrc160   3119.53, 3181.62  ME3_C
         8   -0.0000e+00A   GNDvsrc166   3139.48, 3181.62  ME3_C
         8   -0.0000e+00A   GNDvsrc148   3119.53, 3317.74  ME3_C
         8   -0.0000e+00A   GNDvsrc147   3119.53, 3317.74  ME4_C
         8   -0.0000e+00A   GNDvsrc152   3099.58, 3181.62  ME5_C
         8   -0.0000e+00A   GNDvsrc158   3119.53, 3181.62  ME5_C
         8   -0.0000e+00A   GNDvsrc164   3139.48, 3181.62  ME5_C
         8   -0.0000e+00A   GNDvsrc146   3119.53, 3317.74  ME5_C
         8   -0.0000e+00A   GNDvsrc151   3099.58, 3181.62  ME6_C
         8   -0.0000e+00A   GNDvsrc157   3119.53, 3181.62  ME6_C
         8   -0.0000e+00A   GNDvsrc163   3139.48, 3181.62  ME6_C
         8   -0.0000e+00A   GNDvsrc145   3119.53, 3317.74  ME6_C
         8   -0.0000e+00A   GNDvsrc126   3320.46, 495.45  ME1_C
         8   -0.0000e+00A   GNDvsrc131   3184.34, 515.40  ME2_C
         8   -0.0000e+00A   GNDvsrc137   3184.34, 495.45  ME2_C
         8   -0.0000e+00A   GNDvsrc143   3184.34, 475.50  ME2_C
         8   -0.0000e+00A   GNDvsrc125   3320.46, 495.45  ME2_C
         8   -0.0000e+00A   GNDvsrc130   3184.34, 515.40  ME3_C
         8   -0.0000e+00A   GNDvsrc136   3184.34, 495.45  ME3_C
         8   -0.0000e+00A   GNDvsrc142   3184.34, 475.50  ME3_C
         8   -0.0000e+00A   GNDvsrc124   3320.46, 495.45  ME3_C
         8   -0.0000e+00A   GNDvsrc129   3184.34, 515.40  ME4_C
         8   -0.0000e+00A   GNDvsrc135   3184.34, 495.45  ME4_C
         8   -0.0000e+00A   GNDvsrc141   3184.34, 475.50  ME4_C
         8   -0.0000e+00A   GNDvsrc123   3320.46, 495.45  ME4_C
         8   -0.0000e+00A   GNDvsrc128   3184.34, 515.40  ME5_C
         8   -0.0000e+00A   GNDvsrc134   3184.34, 495.45  ME5_C
         8   -0.0000e+00A   GNDvsrc140   3184.34, 475.50  ME5_C
         8   -0.0000e+00A   GNDvsrc122   3320.46, 495.45  ME5_C
         8   -0.0000e+00A   GNDvsrc127   3184.34, 515.40  ME6_C
         8   -0.0000e+00A   GNDvsrc133   3184.34, 495.45  ME6_C
         8   -0.0000e+00A   GNDvsrc139   3184.34, 475.50  ME6_C
         8   -0.0000e+00A   GNDvsrc121   3320.46, 495.45  ME6_C
         8   -0.0000e+00A   GNDvsrc102   3320.46, 2929.57  ME1_C
         8   -0.0000e+00A   GNDvsrc107   3184.34, 2949.52  ME2_C
         8   -0.0000e+00A   GNDvsrc113   3184.34, 2929.57  ME2_C
         8   -0.0000e+00A   GNDvsrc119   3184.34, 2909.62  ME2_C
         8   -0.0000e+00A   GNDvsrc101   3320.46, 2929.57  ME2_C
         8   -0.0000e+00A   GNDvsrc106   3184.34, 2949.52  ME3_C
         8   -0.0000e+00A   GNDvsrc112   3184.34, 2929.57  ME3_C
         8   -0.0000e+00A   GNDvsrc118   3184.34, 2909.62  ME3_C
         8   -0.0000e+00A   GNDvsrc100   3320.46, 2929.57  ME3_C
         8   -0.0000e+00A   GNDvsrc105   3184.34, 2949.52  ME4_C
         8   -0.0000e+00A   GNDvsrc111   3184.34, 2929.57  ME4_C
         8   -0.0000e+00A   GNDvsrc117   3184.34, 2909.62  ME4_C
         8   -0.0000e+00A   GNDvsrc99   3320.46, 2929.57  ME4_C
         8   -0.0000e+00A   GNDvsrc104   3184.34, 2949.52  ME5_C
         8   -0.0000e+00A   GNDvsrc110   3184.34, 2929.57  ME5_C
         8   -0.0000e+00A   GNDvsrc116   3184.34, 2909.62  ME5_C
         8   -0.0000e+00A   GNDvsrc98   3320.46, 2929.57  ME5_C
         8   -0.0000e+00A   GNDvsrc103   3184.34, 2949.52  ME6_C
         8   -0.0000e+00A   GNDvsrc109   3184.34, 2929.57  ME6_C
         8   -0.0000e+00A   GNDvsrc115   3184.34, 2909.62  ME6_C
         8   -0.0000e+00A   GNDvsrc97   3320.46, 2929.57  ME6_C
         8   -0.0000e+00A   GNDvsrc84   518.12, 137.62  ME1_C
         8   -0.0000e+00A   GNDvsrc90   498.17, 137.62  ME1_C
         8   -0.0000e+00A   GNDvsrc96   478.22, 137.62  ME1_C
         8   -0.0000e+00A   GNDvsrc78   498.17, 1.50  ME1_C
         8   -0.0000e+00A   GNDvsrc77   498.17, 1.50  ME2_C
         8   -0.0000e+00A   GNDvsrc82   518.12, 137.62  ME3_C
         8   -0.0000e+00A   GNDvsrc88   498.17, 137.62  ME3_C
         8   -0.0000e+00A   GNDvsrc94   478.22, 137.62  ME3_C
         8   -0.0000e+00A   GNDvsrc76   498.17, 1.50  ME3_C
         8   -0.0000e+00A   GNDvsrc81   518.12, 137.62  ME4_C
         8   -0.0000e+00A   GNDvsrc87   498.17, 137.62  ME4_C
         8   -0.0000e+00A   GNDvsrc93   478.22, 137.62  ME4_C
         8   -0.0000e+00A   GNDvsrc75   498.17, 1.50  ME4_C
         8   -0.0000e+00A   GNDvsrc80   518.12, 137.62  ME5_C
         8   -0.0000e+00A   GNDvsrc86   498.17, 137.62  ME5_C
         8   -0.0000e+00A   GNDvsrc92   478.22, 137.62  ME5_C
         8   -0.0000e+00A   GNDvsrc74   498.17, 1.50  ME5_C
         8   -0.0000e+00A   GNDvsrc79   518.12, 137.62  ME6_C
         8   -0.0000e+00A   GNDvsrc85   498.17, 137.62  ME6_C
         8   -0.0000e+00A   GNDvsrc91   478.22, 137.62  ME6_C
         8   -0.0000e+00A   GNDvsrc73   498.17, 1.50  ME6_C
         8   -0.0000e+00A   GNDvsrc60   2952.24, 137.62  ME1_C
         8   -0.0000e+00A   GNDvsrc66   2932.29, 137.62  ME1_C
         8   -0.0000e+00A   GNDvsrc72   2912.34, 137.62  ME1_C
         8   -0.0000e+00A   GNDvsrc54   2932.29, 1.50  ME1_C
         8   -0.0000e+00A   GNDvsrc53   2932.29, 1.50  ME2_C
         8   -0.0000e+00A   GNDvsrc58   2952.24, 137.62  ME3_C
         8   -0.0000e+00A   GNDvsrc64   2932.29, 137.62  ME3_C
         8   -0.0000e+00A   GNDvsrc70   2912.34, 137.62  ME3_C
         8   -0.0000e+00A   GNDvsrc52   2932.29, 1.50  ME3_C
         8   -0.0000e+00A   GNDvsrc57   2952.24, 137.62  ME4_C
         8   -0.0000e+00A   GNDvsrc63   2932.29, 137.62  ME4_C
         8   -0.0000e+00A   GNDvsrc69   2912.34, 137.62  ME4_C
         8   -0.0000e+00A   GNDvsrc51   2932.29, 1.50  ME4_C
         8   -0.0000e+00A   GNDvsrc56   2952.24, 137.62  ME5_C
         8   -0.0000e+00A   GNDvsrc62   2932.29, 137.62  ME5_C
         8   -0.0000e+00A   GNDvsrc68   2912.34, 137.62  ME5_C
         8   -0.0000e+00A   GNDvsrc50   2932.29, 1.50  ME5_C
         8   -0.0000e+00A   GNDvsrc55   2952.24, 137.62  ME6_C
         8   -0.0000e+00A   GNDvsrc61   2932.29, 137.62  ME6_C
         8   -0.0000e+00A   GNDvsrc67   2912.34, 137.62  ME6_C
         8   -0.0000e+00A   GNDvsrc49   2932.29, 1.50  ME6_C
         8   -0.0000e+00A   GNDvsrc30   1.50, 495.45  ME1_C
         8   -0.0000e+00A   GNDvsrc35   137.62, 475.50  ME2_C
         8   -0.0000e+00A   GNDvsrc41   137.62, 495.45  ME2_C
         8   -0.0000e+00A   GNDvsrc47   137.62, 515.40  ME2_C
         8   -0.0000e+00A   GNDvsrc29   1.50, 495.45  ME2_C
         8   -0.0000e+00A   GNDvsrc34   137.62, 475.50  ME3_C
         8   -0.0000e+00A   GNDvsrc40   137.62, 495.45  ME3_C
         8   -0.0000e+00A   GNDvsrc46   137.62, 515.40  ME3_C
         8   -0.0000e+00A   GNDvsrc28   1.50, 495.45  ME3_C
         8   -0.0000e+00A   GNDvsrc33   137.62, 475.50  ME4_C
         8   -0.0000e+00A   GNDvsrc39   137.62, 495.45  ME4_C
         8   -0.0000e+00A   GNDvsrc45   137.62, 515.40  ME4_C
         8   -0.0000e+00A   GNDvsrc27   1.50, 495.45  ME4_C
         8   -0.0000e+00A   GNDvsrc32   137.62, 475.50  ME5_C
         8   -0.0000e+00A   GNDvsrc38   137.62, 495.45  ME5_C
         8   -0.0000e+00A   GNDvsrc44   137.62, 515.40  ME5_C
         8   -0.0000e+00A   GNDvsrc26   1.50, 495.45  ME5_C
         8   -0.0000e+00A   GNDvsrc31   137.62, 475.50  ME6_C
         8   -0.0000e+00A   GNDvsrc37   137.62, 495.45  ME6_C
         8   -0.0000e+00A   GNDvsrc43   137.62, 515.40  ME6_C
         8   -0.0000e+00A   GNDvsrc25   1.50, 495.45  ME6_C
         8   -0.0000e+00A   GNDvsrc6   1.50, 2929.57  ME1_C
         8   -0.0000e+00A   GNDvsrc11   137.62, 2909.62  ME2_C
         8   -0.0000e+00A   GNDvsrc17   137.62, 2929.57  ME2_C
         8   -0.0000e+00A   GNDvsrc23   137.62, 2949.52  ME2_C
         8   -0.0000e+00A   GNDvsrc5   1.50, 2929.57  ME2_C
         8   -0.0000e+00A   GNDvsrc10   137.62, 2909.62  ME3_C
         8   -0.0000e+00A   GNDvsrc16   137.62, 2929.57  ME3_C
         8   -0.0000e+00A   GNDvsrc22   137.62, 2949.52  ME3_C
         8   -0.0000e+00A   GNDvsrc4   1.50, 2929.57  ME3_C
         8   -0.0000e+00A   GNDvsrc9   137.62, 2909.62  ME4_C
         8   -0.0000e+00A   GNDvsrc15   137.62, 2929.57  ME4_C
         8   -0.0000e+00A   GNDvsrc21   137.62, 2949.52  ME4_C
         8   -0.0000e+00A   GNDvsrc3   1.50, 2929.57  ME4_C
         8   -0.0000e+00A   GNDvsrc8   137.62, 2909.62  ME5_C
         8   -0.0000e+00A   GNDvsrc14   137.62, 2929.57  ME5_C
         8   -0.0000e+00A   GNDvsrc20   137.62, 2949.52  ME5_C
         8   -0.0000e+00A   GNDvsrc2   1.50, 2929.57  ME5_C
         8   -0.0000e+00A   GNDvsrc7   137.62, 2909.62  ME6_C
         8   -0.0000e+00A   GNDvsrc13   137.62, 2929.57  ME6_C
         8   -0.0000e+00A   GNDvsrc19   137.62, 2949.52  ME6_C
         8   -0.0000e+00A   GNDvsrc1   1.50, 2929.57  ME6_C
*
* Data filtering results for voltage source current:
  Minimum, Average, Maximum Voltage Source Current: 0.000A, 1.467uA, 18.928uA
  Total Current: 0.282mA
    Range 1(  16.562uA  -    18.929uA ):         3 (  1.56%)
    Range 2(  14.196uA  -    16.562uA ):         1 (  0.52%)
    Range 3(  11.830uA  -    14.196uA ):         9 (  4.69%)
    Range 4(   9.464uA  -    11.830uA ):         5 (  2.60%)
    Range 5(   7.098uA  -     9.464uA ):         6 (  3.12%)
    Range 6(   4.732uA  -     7.098uA ):         0 (  0.00%)
    Range 7(   2.366uA  -     4.732uA ):         0 (  0.00%)
    Range 8(    0.000A  -     2.366uA ):       168 ( 87.50%)
