ME2_C      | (3082.33, 2865.1)
ME2_C      | (239.63, 2865.1)
ME3_C      | (3164.1, 2819.32)
ME3_C      | (3164.1, 2826.88)
ME3_C      | (3164.1, 2836.96)
ME3_C      | (3164.1, 2847.04)
ME3_C      | (3164.1, 2703.36)
ME3_C      | (3164.1, 2753.36)
ME3_C      | (3164.1, 2803.36)
ME3_C      | (3164.1, 2853.36)
ME3_C      | (3164.1, 2903.36)
ME3_C      | (3164.1, 2953.36)
ME3_C      | (3164.1, 3003.36)
ME3_C      | (3164.1, 3053.36)
ME3_C      | (228.47, 2819.32)
ME3_C      | (232.29, 2826.88)
ME3_C      | (232.29, 2836.96)
ME3_C      | (232.29, 2847.04)
ME3_C      | (509.7, 3078.88)
ME3_C      | (3164.1, 2053.36)
ME3_C      | (3164.1, 2103.36)
ME3_C      | (3164.1, 2153.36)
ME3_C      | (3164.1, 2203.36)
ME3_C      | (3164.1, 2253.36)
ME3_C      | (3164.1, 2303.36)
ME3_C      | (3164.1, 2353.36)
ME3_C      | (3164.1, 2403.36)
ME3_C      | (3164.1, 2453.36)
ME3_C      | (3164.1, 2503.36)
ME3_C      | (3164.1, 2553.36)
ME3_C      | (3164.1, 2603.36)
ME3_C      | (3164.1, 2653.36)
ME3_C      | (3164.1, 2003.36)
ME3_C      | (3164.1, 1353.36)
ME3_C      | (3164.1, 1403.36)
ME3_C      | (3164.1, 1453.36)
ME3_C      | (3164.1, 1503.36)
ME3_C      | (3164.1, 1553.36)
ME3_C      | (3164.1, 1603.36)
ME3_C      | (3164.1, 1653.36)
ME3_C      | (3164.1, 1703.36)
ME3_C      | (3164.1, 1753.36)
ME3_C      | (3164.1, 1803.36)
ME3_C      | (3164.1, 1853.36)
ME3_C      | (3164.1, 1903.36)
ME3_C      | (3164.1, 1953.36)
ME3_C      | (3164.1, 703.36)
ME3_C      | (3164.1, 753.36)
ME3_C      | (3164.1, 803.36)
ME3_C      | (3164.1, 853.36)
ME3_C      | (3164.1, 903.36)
ME3_C      | (3164.1, 953.36)
ME3_C      | (3164.1, 1003.36)
ME3_C      | (3164.1, 1053.36)
ME3_C      | (3164.1, 1103.36)
ME3_C      | (3164.1, 1153.36)
ME3_C      | (3164.1, 1203.36)
ME3_C      | (3164.1, 1253.36)
ME3_C      | (3164.1, 1303.36)
ME3_C      | (2901.82, 241.25)
ME3_C      | (3164.1, 377.44)
ME3_C      | (3164.1, 387.52)
ME3_C      | (3164.1, 397.6)
ME3_C      | (3164.1, 417.76)
ME3_C      | (3164.1, 427.84)
ME3_C      | (3164.1, 495.45)
ME3_C      | (3081.11, 503.36)
ME3_C      | (3164.1, 303.36)
ME3_C      | (3164.1, 353.36)
ME3_C      | (3164.1, 403.36)
ME3_C      | (3164.1, 453.36)
ME3_C      | (3164.1, 553.36)
ME3_C      | (3164.1, 603.36)
ME3_C      | (3164.1, 653.36)
ME3_C      | (232.29, 377.44)
ME3_C      | (232.29, 387.52)
ME3_C      | (232.29, 397.6)
ME3_C      | (232.29, 417.76)
ME3_C      | (232.29, 427.84)
ME3_C      | (240.85, 495.45)
ME4_C      | (3002.56, 3161.48)
ME4_C      | (3052.56, 3161.48)
ME4_C      | (402.56, 3161.48)
ME4_C      | (2852.56, 241.25)
ME4_C      | (402.56, 241.25)
ME1_C      | (517.144, 3317.74)
ME1_C      | (479.197, 3317.74)
ME2_C      | (517.144, 3317.74)
ME2_C      | (479.197, 3317.74)
ME3_C      | (517.144, 3317.74)
ME3_C      | (479.197, 3317.74)
ME4_C      | (517.144, 3317.74)
ME4_C      | (479.197, 3317.74)
ME5_C      | (517.144, 3317.74)
ME5_C      | (479.197, 3317.74)
ME1_C      | (3138.5, 3317.74)
ME1_C      | (3100.56, 3317.74)
ME2_C      | (3138.5, 3317.74)
ME2_C      | (3100.56, 3317.74)
ME3_C      | (3138.5, 3317.74)
ME3_C      | (3100.56, 3317.74)
ME4_C      | (3138.5, 3317.74)
ME4_C      | (3100.56, 3317.74)
ME5_C      | (3138.5, 3317.74)
ME5_C      | (3100.56, 3317.74)
ME1_C      | (3320.46, 476.476)
ME1_C      | (3320.46, 514.423)
ME2_C      | (3320.46, 476.476)
ME2_C      | (3320.46, 514.423)
ME3_C      | (3320.46, 476.476)
ME3_C      | (3320.46, 514.423)
ME4_C      | (3320.46, 476.476)
ME4_C      | (3320.46, 514.423)
ME5_C      | (3320.46, 476.476)
ME5_C      | (3320.46, 514.423)
ME1_C      | (3320.46, 2910.6)
ME1_C      | (3320.46, 2948.54)
ME2_C      | (3320.46, 2910.6)
ME2_C      | (3320.46, 2948.54)
ME3_C      | (3320.46, 2910.6)
ME3_C      | (3320.46, 2948.54)
ME4_C      | (3320.46, 2910.6)
ME4_C      | (3320.46, 2948.54)
ME5_C      | (3320.46, 2910.6)
ME5_C      | (3320.46, 2948.54)
ME1_C      | (479.196, 1.5)
ME1_C      | (517.143, 1.5)
ME2_C      | (479.196, 1.5)
ME2_C      | (517.143, 1.5)
ME3_C      | (479.196, 1.5)
ME3_C      | (517.143, 1.5)
ME4_C      | (479.196, 1.5)
ME4_C      | (517.143, 1.5)
ME5_C      | (479.196, 1.5)
ME5_C      | (517.143, 1.5)
ME1_C      | (2913.32, 1.5)
ME1_C      | (2951.26, 1.5)
ME2_C      | (2913.32, 1.5)
ME2_C      | (2951.26, 1.5)
ME3_C      | (2913.32, 1.5)
ME3_C      | (2951.26, 1.5)
ME4_C      | (2913.32, 1.5)
ME4_C      | (2951.26, 1.5)
ME5_C      | (2913.32, 1.5)
ME5_C      | (2951.26, 1.5)
ME1_C      | (1.5, 514.424)
ME1_C      | (1.5, 476.477)
ME2_C      | (1.5, 514.424)
ME2_C      | (1.5, 476.477)
ME3_C      | (1.5, 514.424)
ME3_C      | (1.5, 476.477)
ME4_C      | (1.5, 514.424)
ME4_C      | (1.5, 476.477)
ME5_C      | (1.5, 514.424)
ME5_C      | (1.5, 476.477)
ME1_C      | (1.5, 2948.54)
ME1_C      | (1.5, 2910.6)
ME2_C      | (1.5, 2948.54)
ME2_C      | (1.5, 2910.6)
ME3_C      | (1.5, 2948.54)
ME3_C      | (1.5, 2910.6)
ME4_C      | (1.5, 2948.54)
ME4_C      | (1.5, 2910.6)
ME5_C      | (1.5, 2948.54)
ME5_C      | (1.5, 2910.6)

Found 165 weakly connected metal segments.

