ME2_C      | (3084.19, 493.36)
ME2_C      | (237.77, 493.36)
ME3_C      | (3173.38, 2816.31)
ME3_C      | (3173.38, 2912.56)
ME3_C      | (3173.38, 2922.64)
ME3_C      | (3173.38, 2932.72)
ME3_C      | (3173.38, 2942.8)
ME3_C      | (3081.11, 2807.64)
ME3_C      | (3173.38, 2707.64)
ME3_C      | (3173.38, 2757.64)
ME3_C      | (3173.38, 2857.64)
ME3_C      | (3173.38, 2907.64)
ME3_C      | (3173.38, 2957.64)
ME3_C      | (3173.38, 3007.64)
ME3_C      | (3173.38, 3057.64)
ME3_C      | (3173.38, 3096.52)
ME3_C      | (3173.38, 3115.08)
ME3_C      | (3173.38, 3133.64)
ME3_C      | (3173.38, 3152.2)
ME3_C      | (3173.38, 3170.76)
ME3_C      | (237.45, 2912.56)
ME3_C      | (237.45, 2922.64)
ME3_C      | (237.45, 2932.72)
ME3_C      | (237.45, 2942.8)
ME3_C      | (240.85, 2816.31)
ME3_C      | (3173.38, 2657.64)
ME3_C      | (3173.38, 2007.64)
ME3_C      | (3173.38, 2057.64)
ME3_C      | (3173.38, 2107.64)
ME3_C      | (3173.38, 2157.64)
ME3_C      | (3173.38, 2207.64)
ME3_C      | (3173.38, 2257.64)
ME3_C      | (3173.38, 2307.64)
ME3_C      | (3173.38, 2357.64)
ME3_C      | (3173.38, 2407.64)
ME3_C      | (3173.38, 2457.64)
ME3_C      | (3173.38, 2507.64)
ME3_C      | (3173.38, 2557.64)
ME3_C      | (3173.38, 2607.64)
ME3_C      | (3173.38, 1357.64)
ME3_C      | (3173.38, 1407.64)
ME3_C      | (3173.38, 1457.64)
ME3_C      | (3173.38, 1507.64)
ME3_C      | (3173.38, 1557.64)
ME3_C      | (3173.38, 1607.64)
ME3_C      | (3173.38, 1657.64)
ME3_C      | (3173.38, 1707.64)
ME3_C      | (3173.38, 1757.64)
ME3_C      | (3173.38, 1807.64)
ME3_C      | (3173.38, 1857.64)
ME3_C      | (3173.38, 1907.64)
ME3_C      | (3173.38, 1957.64)
ME3_C      | (3173.38, 707.64)
ME3_C      | (3173.38, 757.64)
ME3_C      | (3173.38, 807.64)
ME3_C      | (3173.38, 857.64)
ME3_C      | (3173.38, 907.64)
ME3_C      | (3173.38, 957.64)
ME3_C      | (3173.38, 1007.64)
ME3_C      | (3173.38, 1057.64)
ME3_C      | (3173.38, 1107.64)
ME3_C      | (3173.38, 1157.64)
ME3_C      | (3173.38, 1207.64)
ME3_C      | (3173.38, 1257.64)
ME3_C      | (3173.38, 1307.64)
ME3_C      | (3173.38, 392.56)
ME3_C      | (3173.38, 473.2)
ME3_C      | (3173.38, 483.28)
ME3_C      | (3173.38, 503.44)
ME3_C      | (3173.38, 513.52)
ME3_C      | (3173.38, 523.6)
ME3_C      | (3173.38, 307.64)
ME3_C      | (3173.38, 357.64)
ME3_C      | (3173.38, 407.64)
ME3_C      | (3173.38, 457.64)
ME3_C      | (3173.38, 507.64)
ME3_C      | (3173.38, 557.64)
ME3_C      | (3173.38, 607.64)
ME3_C      | (3173.38, 657.64)
ME3_C      | (237.45, 392.56)
ME3_C      | (237.45, 473.2)
ME3_C      | (237.45, 483.28)
ME3_C      | (237.45, 503.44)
ME3_C      | (237.45, 513.52)
ME3_C      | (237.45, 523.6)
ME4_C      | (2906.84, 241.25)
ME4_C      | (2956.84, 241.25)
ME1_C      | (423.524, 3317.74)
ME1_C      | (385.577, 3317.74)
ME2_C      | (423.524, 3317.74)
ME2_C      | (385.577, 3317.74)
ME3_C      | (423.524, 3317.74)
ME3_C      | (385.577, 3317.74)
ME4_C      | (423.524, 3317.74)
ME4_C      | (385.577, 3317.74)
ME5_C      | (423.524, 3317.74)
ME5_C      | (385.577, 3317.74)
ME1_C      | (3044.88, 3317.74)
ME1_C      | (3006.94, 3317.74)
ME2_C      | (3044.88, 3317.74)
ME2_C      | (3006.94, 3317.74)
ME3_C      | (3044.88, 3317.74)
ME3_C      | (3006.94, 3317.74)
ME4_C      | (3044.88, 3317.74)
ME4_C      | (3006.94, 3317.74)
ME5_C      | (3044.88, 3317.74)
ME5_C      | (3006.94, 3317.74)
ME1_C      | (3320.46, 382.856)
ME1_C      | (3320.46, 420.803)
ME2_C      | (3320.46, 382.856)
ME2_C      | (3320.46, 420.803)
ME3_C      | (3320.46, 382.856)
ME3_C      | (3320.46, 420.803)
ME4_C      | (3320.46, 382.856)
ME4_C      | (3320.46, 420.803)
ME5_C      | (3320.46, 382.856)
ME5_C      | (3320.46, 420.803)
ME1_C      | (3320.46, 2816.98)
ME1_C      | (3320.46, 2854.92)
ME2_C      | (3320.46, 2816.98)
ME2_C      | (3320.46, 2854.92)
ME3_C      | (3320.46, 2816.98)
ME3_C      | (3320.46, 2854.92)
ME4_C      | (3320.46, 2816.98)
ME4_C      | (3320.46, 2854.92)
ME5_C      | (3320.46, 2816.98)
ME5_C      | (3320.46, 2854.92)
ME1_C      | (385.576, 1.5)
ME1_C      | (423.523, 1.5)
ME2_C      | (385.576, 1.5)
ME2_C      | (423.523, 1.5)
ME3_C      | (385.576, 1.5)
ME3_C      | (423.523, 1.5)
ME4_C      | (385.576, 1.5)
ME4_C      | (423.523, 1.5)
ME5_C      | (385.576, 1.5)
ME5_C      | (423.523, 1.5)
ME1_C      | (2819.7, 1.5)
ME1_C      | (2857.64, 1.5)
ME2_C      | (2819.7, 1.5)
ME2_C      | (2857.64, 1.5)
ME3_C      | (2819.7, 1.5)
ME3_C      | (2857.64, 1.5)
ME4_C      | (2819.7, 1.5)
ME4_C      | (2857.64, 1.5)
ME5_C      | (2819.7, 1.5)
ME5_C      | (2857.64, 1.5)
ME1_C      | (1.5, 420.804)
ME1_C      | (1.5, 382.857)
ME2_C      | (1.5, 420.804)
ME2_C      | (1.5, 382.857)
ME3_C      | (1.5, 420.804)
ME3_C      | (1.5, 382.857)
ME4_C      | (1.5, 420.804)
ME4_C      | (1.5, 382.857)
ME5_C      | (1.5, 420.804)
ME5_C      | (1.5, 382.857)
ME1_C      | (1.5, 2854.92)
ME1_C      | (1.5, 2816.98)
ME2_C      | (1.5, 2854.92)
ME2_C      | (1.5, 2816.98)
ME3_C      | (1.5, 2854.92)
ME3_C      | (1.5, 2816.98)
ME4_C      | (1.5, 2854.92)
ME4_C      | (1.5, 2816.98)
ME5_C      | (1.5, 2854.92)
ME5_C      | (1.5, 2816.98)

Found 167 weakly connected metal segments.

