Voltage source current:
      Range  Source       Source        Location    Layer
      Index  Current      Name          (um)
      -----  --------     -------------------------------
         1   -2.1605e-05A   VCCvsrc108   3183.21, 2816.31  ME1_C
         1   -1.9829e-05A   VCCvsrc24   138.75, 2816.31  ME1_C
         3   -1.4477e-05A   VCCvsrc114   3183.21, 2835.95  ME1_C
         4   -1.3345e-05A   VCCvsrc18   138.75, 2835.95  ME1_C
         3   -1.4366e-05A   VCCvsrc120   3183.21, 2855.59  ME1_C
         4   -1.3500e-05A   VCCvsrc12   138.75, 2855.59  ME1_C
         5   -9.5701e-06A   VCCvsrc132   3183.21, 382.19  ME1_C
         5   -8.5931e-06A   VCCvsrc48   138.75, 382.19  ME1_C
         5   -1.0436e-05A   VCCvsrc138   3183.21, 401.83  ME1_C
         5   -9.5257e-06A   VCCvsrc42   138.75, 401.83  ME1_C
         3   -1.5188e-05A   VCCvsrc144   3183.21, 421.47  ME1_C
         3   -1.4055e-05A   VCCvsrc36   138.75, 421.47  ME1_C
         5   -8.8818e-06A   VCCvsrc161   3025.91, 3180.49  ME2_C
         5   -9.1926e-06A   VCCvsrc155   3045.55, 3180.49  ME2_C
         5   -1.0481e-05A   VCCvsrc191   384.91, 3180.49  ME2_C
         3   -1.5721e-05A   VCCvsrc179   424.19, 3180.49  ME2_C
         6   -7.4385e-06A   VCCvsrc71   2858.31, 138.75  ME2_C
         4   -1.2812e-05A   VCCvsrc167   3006.27, 3180.49  ME2_C
         4   -1.1213e-05A   VCCvsrc59   2819.03, 138.75  ME2_C
         6   -7.6827e-06A   VCCvsrc65   2838.67, 138.75  ME2_C
         4   -1.0814e-05A   VCCvsrc185   404.55, 3180.49  ME2_C
         6   -6.7724e-06A   VCCvsrc89   404.55, 138.75  ME2_C
         6   -6.4615e-06A   VCCvsrc83   384.91, 138.75  ME2_C
         5   -9.8366e-06A   VCCvsrc95   424.19, 138.75  ME2_C
         8   -0.0000e+00A   VCCvsrc192   384.91, 3181.62  ME1_C
         8   -0.0000e+00A   VCCvsrc186   404.55, 3181.62  ME1_C
         8   -0.0000e+00A   VCCvsrc180   424.19, 3181.62  ME1_C
         8   -0.0000e+00A   VCCvsrc174   404.55, 3317.74  ME1_C
         8   -0.0000e+00A   VCCvsrc173   404.55, 3317.74  ME2_C
         8   -0.0000e+00A   VCCvsrc190   384.91, 3181.62  ME3_C
         8   -0.0000e+00A   VCCvsrc184   404.55, 3181.62  ME3_C
         8   -0.0000e+00A   VCCvsrc178   424.19, 3181.62  ME3_C
         8   -0.0000e+00A   VCCvsrc172   404.55, 3317.74  ME3_C
         8   -0.0000e+00A   VCCvsrc189   384.91, 3181.62  ME4_C
         8   -0.0000e+00A   VCCvsrc183   404.55, 3181.62  ME4_C
         8   -0.0000e+00A   VCCvsrc177   424.19, 3181.62  ME4_C
         8   -0.0000e+00A   VCCvsrc171   404.55, 3317.74  ME4_C
         8   -0.0000e+00A   VCCvsrc188   384.91, 3181.62  ME5_C
         8   -0.0000e+00A   VCCvsrc182   404.55, 3181.62  ME5_C
         8   -0.0000e+00A   VCCvsrc176   424.19, 3181.62  ME5_C
         8   -0.0000e+00A   VCCvsrc170   404.55, 3317.74  ME5_C
         8   -0.0000e+00A   VCCvsrc187   384.91, 3181.62  ME6_C
         8   -0.0000e+00A   VCCvsrc181   404.55, 3181.62  ME6_C
         8   -0.0000e+00A   VCCvsrc175   424.19, 3181.62  ME6_C
         8   -0.0000e+00A   VCCvsrc169   404.55, 3317.74  ME6_C
         8   -0.0000e+00A   VCCvsrc168   3006.27, 3181.62  ME1_C
         8   -0.0000e+00A   VCCvsrc162   3025.91, 3181.62  ME1_C
         8   -0.0000e+00A   VCCvsrc156   3045.55, 3181.62  ME1_C
         8   -0.0000e+00A   VCCvsrc150   3025.91, 3317.74  ME1_C
         8   -0.0000e+00A   VCCvsrc149   3025.91, 3317.74  ME2_C
         8   -0.0000e+00A   VCCvsrc166   3006.27, 3181.62  ME3_C
         8   -0.0000e+00A   VCCvsrc160   3025.91, 3181.62  ME3_C
         8   -0.0000e+00A   VCCvsrc154   3045.55, 3181.62  ME3_C
         8   -0.0000e+00A   VCCvsrc148   3025.91, 3317.74  ME3_C
         8   -0.0000e+00A   VCCvsrc165   3006.27, 3181.62  ME4_C
         8   -0.0000e+00A   VCCvsrc159   3025.91, 3181.62  ME4_C
         8   -0.0000e+00A   VCCvsrc153   3045.55, 3181.62  ME4_C
         8   -0.0000e+00A   VCCvsrc147   3025.91, 3317.74  ME4_C
         8   -0.0000e+00A   VCCvsrc164   3006.27, 3181.62  ME5_C
         8   -0.0000e+00A   VCCvsrc158   3025.91, 3181.62  ME5_C
         8   -0.0000e+00A   VCCvsrc152   3045.55, 3181.62  ME5_C
         8   -0.0000e+00A   VCCvsrc146   3025.91, 3317.74  ME5_C
         8   -0.0000e+00A   VCCvsrc163   3006.27, 3181.62  ME6_C
         8   -0.0000e+00A   VCCvsrc157   3025.91, 3181.62  ME6_C
         8   -0.0000e+00A   VCCvsrc151   3045.55, 3181.62  ME6_C
         8   -0.0000e+00A   VCCvsrc145   3025.91, 3317.74  ME6_C
         8   -0.0000e+00A   VCCvsrc126   3320.46, 401.83  ME1_C
         8   -0.0000e+00A   VCCvsrc143   3184.34, 421.47  ME2_C
         8   -0.0000e+00A   VCCvsrc137   3184.34, 401.83  ME2_C
         8   -0.0000e+00A   VCCvsrc131   3184.34, 382.19  ME2_C
         8   -0.0000e+00A   VCCvsrc125   3320.46, 401.83  ME2_C
         8   -0.0000e+00A   VCCvsrc142   3184.34, 421.47  ME3_C
         8   -0.0000e+00A   VCCvsrc136   3184.34, 401.83  ME3_C
         8   -0.0000e+00A   VCCvsrc130   3184.34, 382.19  ME3_C
         8   -0.0000e+00A   VCCvsrc124   3320.46, 401.83  ME3_C
         8   -0.0000e+00A   VCCvsrc141   3184.34, 421.47  ME4_C
         8   -0.0000e+00A   VCCvsrc135   3184.34, 401.83  ME4_C
         8   -0.0000e+00A   VCCvsrc129   3184.34, 382.19  ME4_C
         8   -0.0000e+00A   VCCvsrc123   3320.46, 401.83  ME4_C
         8   -0.0000e+00A   VCCvsrc140   3184.34, 421.47  ME5_C
         8   -0.0000e+00A   VCCvsrc134   3184.34, 401.83  ME5_C
         8   -0.0000e+00A   VCCvsrc128   3184.34, 382.19  ME5_C
         8   -0.0000e+00A   VCCvsrc122   3320.46, 401.83  ME5_C
         8   -0.0000e+00A   VCCvsrc139   3184.34, 421.47  ME6_C
         8   -0.0000e+00A   VCCvsrc133   3184.34, 401.83  ME6_C
         8   -0.0000e+00A   VCCvsrc127   3184.34, 382.19  ME6_C
         8   -0.0000e+00A   VCCvsrc121   3320.46, 401.83  ME6_C
         8   -0.0000e+00A   VCCvsrc102   3320.46, 2835.95  ME1_C
         8   -0.0000e+00A   VCCvsrc119   3184.34, 2855.59  ME2_C
         8   -0.0000e+00A   VCCvsrc113   3184.34, 2835.95  ME2_C
         8   -0.0000e+00A   VCCvsrc107   3184.34, 2816.31  ME2_C
         8   -0.0000e+00A   VCCvsrc101   3320.46, 2835.95  ME2_C
         8   -0.0000e+00A   VCCvsrc118   3184.34, 2855.59  ME3_C
         8   -0.0000e+00A   VCCvsrc112   3184.34, 2835.95  ME3_C
         8   -0.0000e+00A   VCCvsrc106   3184.34, 2816.31  ME3_C
         8   -0.0000e+00A   VCCvsrc100   3320.46, 2835.95  ME3_C
         8   -0.0000e+00A   VCCvsrc117   3184.34, 2855.59  ME4_C
         8   -0.0000e+00A   VCCvsrc111   3184.34, 2835.95  ME4_C
         8   -0.0000e+00A   VCCvsrc105   3184.34, 2816.31  ME4_C
         8   -0.0000e+00A   VCCvsrc99   3320.46, 2835.95  ME4_C
         8   -0.0000e+00A   VCCvsrc116   3184.34, 2855.59  ME5_C
         8   -0.0000e+00A   VCCvsrc110   3184.34, 2835.95  ME5_C
         8   -0.0000e+00A   VCCvsrc104   3184.34, 2816.31  ME5_C
         8   -0.0000e+00A   VCCvsrc98   3320.46, 2835.95  ME5_C
         8   -0.0000e+00A   VCCvsrc115   3184.34, 2855.59  ME6_C
         8   -0.0000e+00A   VCCvsrc109   3184.34, 2835.95  ME6_C
         8   -0.0000e+00A   VCCvsrc103   3184.34, 2816.31  ME6_C
         8   -0.0000e+00A   VCCvsrc97   3320.46, 2835.95  ME6_C
         8   -0.0000e+00A   VCCvsrc96   424.19, 137.62  ME1_C
         8   -0.0000e+00A   VCCvsrc90   404.55, 137.62  ME1_C
         8   -0.0000e+00A   VCCvsrc84   384.91, 137.62  ME1_C
         8   -0.0000e+00A   VCCvsrc78   404.55, 1.50  ME1_C
         8   -0.0000e+00A   VCCvsrc77   404.55, 1.50  ME2_C
         8   -0.0000e+00A   VCCvsrc94   424.19, 137.62  ME3_C
         8   -0.0000e+00A   VCCvsrc88   404.55, 137.62  ME3_C
         8   -0.0000e+00A   VCCvsrc82   384.91, 137.62  ME3_C
         8   -0.0000e+00A   VCCvsrc76   404.55, 1.50  ME3_C
         8   -0.0000e+00A   VCCvsrc93   424.19, 137.62  ME4_C
         8   -0.0000e+00A   VCCvsrc87   404.55, 137.62  ME4_C
         8   -0.0000e+00A   VCCvsrc81   384.91, 137.62  ME4_C
         8   -0.0000e+00A   VCCvsrc75   404.55, 1.50  ME4_C
         8   -0.0000e+00A   VCCvsrc92   424.19, 137.62  ME5_C
         8   -0.0000e+00A   VCCvsrc86   404.55, 137.62  ME5_C
         8   -0.0000e+00A   VCCvsrc80   384.91, 137.62  ME5_C
         8   -0.0000e+00A   VCCvsrc74   404.55, 1.50  ME5_C
         8   -0.0000e+00A   VCCvsrc91   424.19, 137.62  ME6_C
         8   -0.0000e+00A   VCCvsrc85   404.55, 137.62  ME6_C
         8   -0.0000e+00A   VCCvsrc79   384.91, 137.62  ME6_C
         8   -0.0000e+00A   VCCvsrc73   404.55, 1.50  ME6_C
         8   -0.0000e+00A   VCCvsrc72   2858.31, 137.62  ME1_C
         8   -0.0000e+00A   VCCvsrc66   2838.67, 137.62  ME1_C
         8   -0.0000e+00A   VCCvsrc60   2819.03, 137.62  ME1_C
         8   -0.0000e+00A   VCCvsrc54   2838.67, 1.50  ME1_C
         8   -0.0000e+00A   VCCvsrc53   2838.67, 1.50  ME2_C
         8   -0.0000e+00A   VCCvsrc70   2858.31, 137.62  ME3_C
         8   -0.0000e+00A   VCCvsrc64   2838.67, 137.62  ME3_C
         8   -0.0000e+00A   VCCvsrc58   2819.03, 137.62  ME3_C
         8   -0.0000e+00A   VCCvsrc52   2838.67, 1.50  ME3_C
         8   -0.0000e+00A   VCCvsrc69   2858.31, 137.62  ME4_C
         8   -0.0000e+00A   VCCvsrc63   2838.67, 137.62  ME4_C
         8   -0.0000e+00A   VCCvsrc57   2819.03, 137.62  ME4_C
         8   -0.0000e+00A   VCCvsrc51   2838.67, 1.50  ME4_C
         8   -0.0000e+00A   VCCvsrc68   2858.31, 137.62  ME5_C
         8   -0.0000e+00A   VCCvsrc62   2838.67, 137.62  ME5_C
         8   -0.0000e+00A   VCCvsrc56   2819.03, 137.62  ME5_C
         8   -0.0000e+00A   VCCvsrc50   2838.67, 1.50  ME5_C
         8   -0.0000e+00A   VCCvsrc67   2858.31, 137.62  ME6_C
         8   -0.0000e+00A   VCCvsrc61   2838.67, 137.62  ME6_C
         8   -0.0000e+00A   VCCvsrc55   2819.03, 137.62  ME6_C
         8   -0.0000e+00A   VCCvsrc49   2838.67, 1.50  ME6_C
         8   -0.0000e+00A   VCCvsrc30   1.50, 401.83  ME1_C
         8   -0.0000e+00A   VCCvsrc47   137.62, 382.19  ME2_C
         8   -0.0000e+00A   VCCvsrc41   137.62, 401.83  ME2_C
         8   -0.0000e+00A   VCCvsrc35   137.62, 421.47  ME2_C
         8   -0.0000e+00A   VCCvsrc29   1.50, 401.83  ME2_C
         8   -0.0000e+00A   VCCvsrc46   137.62, 382.19  ME3_C
         8   -0.0000e+00A   VCCvsrc40   137.62, 401.83  ME3_C
         8   -0.0000e+00A   VCCvsrc34   137.62, 421.47  ME3_C
         8   -0.0000e+00A   VCCvsrc28   1.50, 401.83  ME3_C
         8   -0.0000e+00A   VCCvsrc45   137.62, 382.19  ME4_C
         8   -0.0000e+00A   VCCvsrc39   137.62, 401.83  ME4_C
         8   -0.0000e+00A   VCCvsrc33   137.62, 421.47  ME4_C
         8   -0.0000e+00A   VCCvsrc27   1.50, 401.83  ME4_C
         8   -0.0000e+00A   VCCvsrc44   137.62, 382.19  ME5_C
         8   -0.0000e+00A   VCCvsrc38   137.62, 401.83  ME5_C
         8   -0.0000e+00A   VCCvsrc32   137.62, 421.47  ME5_C
         8   -0.0000e+00A   VCCvsrc26   1.50, 401.83  ME5_C
         8   -0.0000e+00A   VCCvsrc43   137.62, 382.19  ME6_C
         8   -0.0000e+00A   VCCvsrc37   137.62, 401.83  ME6_C
         8   -0.0000e+00A   VCCvsrc31   137.62, 421.47  ME6_C
         8   -0.0000e+00A   VCCvsrc25   1.50, 401.83  ME6_C
         8   -0.0000e+00A   VCCvsrc6   1.50, 2835.95  ME1_C
         8   -0.0000e+00A   VCCvsrc23   137.62, 2816.31  ME2_C
         8   -0.0000e+00A   VCCvsrc17   137.62, 2835.95  ME2_C
         8   -0.0000e+00A   VCCvsrc11   137.62, 2855.59  ME2_C
         8   -0.0000e+00A   VCCvsrc5   1.50, 2835.95  ME2_C
         8   -0.0000e+00A   VCCvsrc22   137.62, 2816.31  ME3_C
         8   -0.0000e+00A   VCCvsrc16   137.62, 2835.95  ME3_C
         8   -0.0000e+00A   VCCvsrc10   137.62, 2855.59  ME3_C
         8   -0.0000e+00A   VCCvsrc4   1.50, 2835.95  ME3_C
         8   -0.0000e+00A   VCCvsrc21   137.62, 2816.31  ME4_C
         8   -0.0000e+00A   VCCvsrc15   137.62, 2835.95  ME4_C
         8   -0.0000e+00A   VCCvsrc9   137.62, 2855.59  ME4_C
         8   -0.0000e+00A   VCCvsrc3   1.50, 2835.95  ME4_C
         8   -0.0000e+00A   VCCvsrc20   137.62, 2816.31  ME5_C
         8   -0.0000e+00A   VCCvsrc14   137.62, 2835.95  ME5_C
         8   -0.0000e+00A   VCCvsrc8   137.62, 2855.59  ME5_C
         8   -0.0000e+00A   VCCvsrc2   1.50, 2835.95  ME5_C
         8   -0.0000e+00A   VCCvsrc19   137.62, 2816.31  ME6_C
         8   -0.0000e+00A   VCCvsrc13   137.62, 2835.95  ME6_C
         8   -0.0000e+00A   VCCvsrc7   137.62, 2855.59  ME6_C
         8   -0.0000e+00A   VCCvsrc1   1.50, 2835.95  ME6_C
*
* Data filtering results for voltage source current:
  Minimum, Average, Maximum Voltage Source Current: -21.605uA, -1.468uA, 0.000A
  Total Current: -0.282mA
    Range 1( -21.607uA  -   -18.904uA ):         2 (  1.04%)
    Range 2( -18.904uA  -   -16.204uA ):         0 (  0.00%)
    Range 3( -16.204uA  -   -13.503uA ):         5 (  2.60%)
    Range 4( -13.503uA  -   -10.802uA ):         5 (  2.60%)
    Range 5( -10.802uA  -    -8.102uA ):         8 (  4.17%)
    Range 6(  -8.102uA  -    -5.401uA ):         4 (  2.08%)
    Range 7(  -5.401uA  -    -2.701uA ):         0 (  0.00%)
    Range 8(  -2.701uA  -      0.000A ):       168 ( 87.50%)
